[    0.000000] Linux version 4.15.0-212-generic (buildd@lcy02-amd64-083) (gcc version 7.5.0 (Ubuntu 7.5.0-3ubuntu1~18.04)) #223-Ubuntu SMP Tue May 23 13:09:22 UTC 2023 (Ubuntu 4.15.0-212.223-generic 4.15.18)
[    0.000000] Command line: BOOT_IMAGE=/boot/vmlinuz-4.15.0-212-generic root=LABEL=cloudimg-rootfs ro console=tty1 console=ttyS0
[    0.000000] KERNEL supported cpus:
[    0.000000]   Intel GenuineIntel
[    0.000000]   AMD AuthenticAMD
[    0.000000]   Centaur CentaurHauls
[    0.000000] x86/fpu: x87 FPU will use FXSAVE
[    0.000000] e820: BIOS-provided physical RAM map:
[    0.000000] BIOS-e820: [mem 0x0000000000000000-0x000000000009fbff] usable
[    0.000000] BIOS-e820: [mem 0x000000000009fc00-0x000000000009ffff] reserved
[    0.000000] BIOS-e820: [mem 0x00000000000f0000-0x00000000000fffff] reserved
[    0.000000] BIOS-e820: [mem 0x0000000000100000-0x000000003ffeffff] usable
[    0.000000] BIOS-e820: [mem 0x000000003fff0000-0x000000003fffffff] ACPI data
[    0.000000] BIOS-e820: [mem 0x00000000fec00000-0x00000000fec00fff] reserved
[    0.000000] BIOS-e820: [mem 0x00000000fee00000-0x00000000fee00fff] reserved
[    0.000000] BIOS-e820: [mem 0x00000000fffc0000-0x00000000ffffffff] reserved
[    0.000000] NX (Execute Disable) protection: active
[    0.000000] SMBIOS 2.5 present.
[    0.000000] DMI: innotek GmbH VirtualBox/VirtualBox, BIOS VirtualBox 12/01/2006
[    0.000000] Hypervisor detected: KVM
[    0.000000] e820: last_pfn = 0x3fff0 max_arch_pfn = 0x400000000
[    0.000000] MTRR: Disabled
[    0.000000] x86/PAT: MTRRs disabled, skipping PAT initialization too.
[    0.000000] CPU MTRRs all blank - virtualized system.
[    0.000000] x86/PAT: Configuration [0-7]: WB  WT  UC- UC  WB  WT  UC- UC  
[    0.000000] found SMP MP-table at [mem 0x0009fff0-0x0009ffff]
[    0.000000] Scanning 1 areas for low memory corruption
[    0.000000] RAMDISK: [mem 0x359cb000-0x36cdcfff]
[    0.000000] ACPI: Early table checksum verification disabled
[    0.000000] ACPI: RSDP 0x00000000000E0000 000024 (v02 VBOX  )
[    0.000000] ACPI: XSDT 0x000000003FFF0030 00003C (v01 VBOX   VBOXXSDT 00000001 ASL  00000061)
[    0.000000] ACPI: FACP 0x000000003FFF00F0 0000F4 (v04 VBOX   VBOXFACP 00000001 ASL  00000061)
[    0.000000] ACPI: DSDT 0x000000003FFF0610 002353 (v02 VBOX   VBOXBIOS 00000002 INTL 20100528)
[    0.000000] ACPI: FACS 0x000000003FFF0200 000040
[    0.000000] ACPI: FACS 0x000000003FFF0200 000040
[    0.000000] ACPI: APIC 0x000000003FFF0240 00005C (v02 VBOX   VBOXAPIC 00000001 ASL  00000061)
[    0.000000] ACPI: SSDT 0x000000003FFF02A0 00036C (v01 VBOX   VBOXCPUT 00000002 INTL 20100528)
[    0.000000] ACPI: Reserving FACP table memory at [mem 0x3fff00f0-0x3fff01e3]
[    0.000000] ACPI: Reserving DSDT table memory at [mem 0x3fff0610-0x3fff2962]
[    0.000000] ACPI: Reserving FACS table memory at [mem 0x3fff0200-0x3fff023f]
[    0.000000] ACPI: Reserving FACS table memory at [mem 0x3fff0200-0x3fff023f]
[    0.000000] ACPI: Reserving APIC table memory at [mem 0x3fff0240-0x3fff029b]
[    0.000000] ACPI: Reserving SSDT table memory at [mem 0x3fff02a0-0x3fff060b]
[    0.000000] No NUMA configuration found
[    0.000000] Faking a node at [mem 0x0000000000000000-0x000000003ffeffff]
[    0.000000] NODE_DATA(0) allocated [mem 0x3ffc5000-0x3ffeffff]
[    0.000000] kvm-clock: cpu 0, msr 0:3ff44001, primary cpu clock
[    0.000000] kvm-clock: Using msrs 4b564d01 and 4b564d00
[    0.000000] kvm-clock: using sched offset of 3668441454 cycles
[    0.000000] clocksource: kvm-clock: mask: 0xffffffffffffffff max_cycles: 0x1cd42e4dffb, max_idle_ns: 881590591483 ns
[    0.000000] Zone ranges:
[    0.000000]   DMA      [mem 0x0000000000001000-0x0000000000ffffff]
[    0.000000]   DMA32    [mem 0x0000000001000000-0x000000003ffeffff]
[    0.000000]   Normal   empty
[    0.000000]   Device   empty
[    0.000000] Movable zone start for each node
[    0.000000] Early memory node ranges
[    0.000000]   node   0: [mem 0x0000000000001000-0x000000000009efff]
[    0.000000]   node   0: [mem 0x0000000000100000-0x000000003ffeffff]
[    0.000000] Reserved but unavailable: 104 pages
[    0.000000] Initmem setup node 0 [mem 0x0000000000001000-0x000000003ffeffff]
[    0.000000] ACPI: PM-Timer IO Port: 0x4008
[    0.000000] IOAPIC[0]: apic_id 2, version 32, address 0xfec00000, GSI 0-23
[    0.000000] ACPI: INT_SRC_OVR (bus 0 bus_irq 0 global_irq 2 dfl dfl)
[    0.000000] ACPI: INT_SRC_OVR (bus 0 bus_irq 9 global_irq 9 low level)
[    0.000000] Using ACPI (MADT) for SMP configuration information
[    0.000000] smpboot: Allowing 2 CPUs, 0 hotplug CPUs
[    0.000000] PM: Registered nosave memory: [mem 0x00000000-0x00000fff]
[    0.000000] PM: Registered nosave memory: [mem 0x0009f000-0x0009ffff]
[    0.000000] PM: Registered nosave memory: [mem 0x000a0000-0x000effff]
[    0.000000] PM: Registered nosave memory: [mem 0x000f0000-0x000fffff]
[    0.000000] e820: [mem 0x40000000-0xfebfffff] available for PCI devices
[    0.000000] Booting paravirtualized kernel on KVM
[    0.000000] clocksource: refined-jiffies: mask: 0xffffffff max_cycles: 0xffffffff, max_idle_ns: 7645519600211568 ns
[    0.000000] setup_percpu: NR_CPUS:8192 nr_cpumask_bits:2 nr_cpu_ids:2 nr_node_ids:1
[    0.000000] percpu: Embedded 50 pages/cpu s167936 r8192 d28672 u1048576
[    0.000000] PV qspinlock hash table entries: 256 (order: 0, 4096 bytes)
[    0.000000] Built 1 zonelists, mobility grouping on.  Total pages: 257913
[    0.000000] Policy zone: DMA32
[    0.000000] Kernel command line: BOOT_IMAGE=/boot/vmlinuz-4.15.0-212-generic root=LABEL=cloudimg-rootfs ro console=tty1 console=ttyS0
[    0.000000] Memory: 982644K/1048120K available (12300K kernel code, 2477K rwdata, 4324K rodata, 2480K init, 2720K bss, 65476K reserved, 0K cma-reserved)
[    0.000000] SLUB: HWalign=64, Order=0-3, MinObjects=0, CPUs=2, Nodes=1
[    0.000000] ftrace: allocating 39508 entries in 155 pages
[    0.004000] Hierarchical RCU implementation.
[    0.004000] 	RCU restricting CPUs from NR_CPUS=8192 to nr_cpu_ids=2.
[    0.004000] 	Tasks RCU enabled.
[    0.004000] RCU: Adjusting geometry for rcu_fanout_leaf=16, nr_cpu_ids=2
[    0.004000] NR_IRQS: 524544, nr_irqs: 440, preallocated irqs: 16
[    0.004000] random: crng init done
[    0.004000] Console: colour VGA+ 80x25
[    0.004000] console [tty1] enabled
[    0.004000] console [ttyS0] enabled
[    0.004000] ACPI: Core revision 20170831
[    0.004000] ACPI: 2 ACPI AML tables successfully acquired and loaded
[    0.004000] APIC: Switch to symmetric I/O mode setup
[    0.004000] ..TIMER: vector=0x30 apic1=0 pin1=2 apic2=-1 pin2=-1
[    0.004000] tsc: Detected 2496.010 MHz processor
[    0.004000] Calibrating delay loop (skipped) preset value.. 4992.02 BogoMIPS (lpj=9984040)
[    0.004009] pid_max: default: 32768 minimum: 301
[    0.008057] Security Framework initialized
[    0.012002] Yama: becoming mindful.
[    0.013945] AppArmor: AppArmor initialized
[    0.017855] Dentry cache hash table entries: 131072 (order: 8, 1048576 bytes)
[    0.020914] Inode-cache hash table entries: 65536 (order: 7, 524288 bytes)
[    0.024040] Mount-cache hash table entries: 2048 (order: 2, 16384 bytes)
[    0.028036] Mountpoint-cache hash table entries: 2048 (order: 2, 16384 bytes)
[    0.033216] Last level iTLB entries: 4KB 0, 2MB 0, 4MB 0
[    0.036001] Last level dTLB entries: 4KB 0, 2MB 0, 4MB 0, 1GB 0
[    0.040003] Spectre V1 : Mitigation: usercopy/swapgs barriers and __user pointer sanitization
[    0.044002] Spectre V2 : Mitigation: Enhanced IBRS
[    0.048001] Spectre V2 : Spectre v2 / SpectreRSB mitigation: Filling RSB on context switch
[    0.052008] Spectre V2 : Spectre v2 / PBRSB-eIBRS: Retire a single CALL on VMEXIT
[    0.056002] RETBleed: Mitigation: Enhanced IBRS
[    0.058335] Speculative Store Bypass: Vulnerable
[    0.060181] Freeing SMP alternatives memory: 36K
[    0.182223] smpboot: CPU0: 12th Gen Intel(R) Core(TM) i5-1235U (family: 0x6, model: 0x9a, stepping: 0x4)
[    0.184234] Performance Events: unsupported p6 CPU model 154 no PMU driver, software events only.
[    0.188056] Hierarchical SRCU implementation.
[    0.192098] NMI watchdog: Perf event create on CPU 0 failed with -2
[    0.194981] NMI watchdog: Perf NMI watchdog permanently disabled
[    0.196164] smp: Bringing up secondary CPUs ...
[    0.200447] x86: Booting SMP configuration:
[    0.202537] .... node  #0, CPUs:      #1
[    0.004000] kvm-clock: cpu 1, msr 0:3ff44041, secondary cpu clock
[    0.212000] TSC synchronization [CPU#0 -> CPU#1]:
[    0.212000] Measured 59896 cycles TSC warp between CPUs, turning off TSC clock.
[    0.212000] tsc: Marking TSC unstable due to check_tsc_sync_source failed
[    0.220296] smp: Brought up 1 node, 2 CPUs
[    0.222128] smpboot: Max logical packages: 1
[    0.224007] smpboot: Total of 2 processors activated (9984.04 BogoMIPS)
[    0.228491] devtmpfs: initialized
[    0.232065] x86/mm: Memory block size: 128MB
[    0.234414] evm: security.selinux
[    0.236003] evm: security.SMACK64
[    0.237806] evm: security.SMACK64EXEC
[    0.240003] evm: security.SMACK64TRANSMUTE
[    0.242033] evm: security.SMACK64MMAP
[    0.244001] evm: security.apparmor
[    0.245710] evm: security.ima
[    0.248001] evm: security.capability
[    0.249956] clocksource: jiffies: mask: 0xffffffff max_cycles: 0xffffffff, max_idle_ns: 7645041785100000 ns
[    0.252086] futex hash table entries: 512 (order: 3, 32768 bytes)
[    0.256090] pinctrl core: initialized pinctrl subsystem
[    0.258896] RTC time: 17:39:32, date: 07/31/24
[    0.260871] NET: Registered protocol family 16
[    0.264071] audit: initializing netlink subsys (disabled)
[    0.268142] audit: type=2000 audit(1722447576.831:1): state=initialized audit_enabled=0 res=1
[    0.272012] cpuidle: using governor ladder
[    0.276062] cpuidle: using governor menu
[    0.278186] ACPI: bus type PCI registered
[    0.280003] acpiphp: ACPI Hot Plug PCI Controller Driver version: 0.5
[    0.284322] PCI: Using configuration type 1 for base access
[    0.292181] HugeTLB registered 2.00 MiB page size, pre-allocated 0 pages
[    0.300292] ACPI: Added _OSI(Module Device)
[    0.302455] ACPI: Added _OSI(Processor Device)
[    0.304003] ACPI: Added _OSI(3.0 _SCP Extensions)
[    0.308001] ACPI: Added _OSI(Processor Aggregator Device)
[    0.310589] ACPI: Added _OSI(Linux-Dell-Video)
[    0.312001] ACPI: Added _OSI(Linux-Lenovo-NV-HDMI-Audio)
[    0.316002] ACPI: Added _OSI(Linux-HPI-Hybrid-Graphics)
[    0.319023] ACPI: Executed 1 blocks of module-level executable AML code
[    0.325817] ACPI: Interpreter enabled
[    0.327691] ACPI: (supports S0 S5)
[    0.328003] ACPI: Using IOAPIC for interrupt routing
[    0.332234] PCI: Using host bridge windows from ACPI; if necessary, use "pci=nocrs" and report a bug
[    0.336161] ACPI: Enabled 2 GPEs in block 00 to 07
[    0.345478] ACPI: PCI Root Bridge [PCI0] (domain 0000 [bus 00-ff])
[    0.348007] acpi PNP0A03:00: _OSC: OS supports [ASPM ClockPM Segments MSI]
[    0.352462] acpi PNP0A03:00: _OSC: not requesting OS control; OS requires [ExtendedConfig ASPM ClockPM MSI]
[    0.356012] acpi PNP0A03:00: fail to add MMCONFIG information, can't access extended PCI configuration space under this bridge.
[    0.364350] PCI host bridge to bus 0000:00
[    0.366494] pci_bus 0000:00: root bus resource [io  0x0000-0x0cf7 window]
[    0.368003] pci_bus 0000:00: root bus resource [io  0x0d00-0xffff window]
[    0.372003] pci_bus 0000:00: root bus resource [mem 0x000a0000-0x000bffff window]
[    0.376002] pci_bus 0000:00: root bus resource [mem 0x40000000-0xfdffffff window]
[    0.380002] pci_bus 0000:00: root bus resource [bus 00-ff]
[    0.386486] pci 0000:00:01.1: legacy IDE quirk: reg 0x10: [io  0x01f0-0x01f7]
[    0.388003] pci 0000:00:01.1: legacy IDE quirk: reg 0x14: [io  0x03f6]
[    0.392002] pci 0000:00:01.1: legacy IDE quirk: reg 0x18: [io  0x0170-0x0177]
[    0.396001] pci 0000:00:01.1: legacy IDE quirk: reg 0x1c: [io  0x0376]
[    0.412915] pci 0000:00:07.0: quirk: [io  0x4000-0x403f] claimed by PIIX4 ACPI
[    0.416022] pci 0000:00:07.0: quirk: [io  0x4100-0x410f] claimed by PIIX4 SMB
[    0.426463] ACPI: PCI Interrupt Link [LNKA] (IRQs 5 9 10 *11)
[    0.428319] ACPI: PCI Interrupt Link [LNKB] (IRQs 5 9 *10 11)
[    0.432119] ACPI: PCI Interrupt Link [LNKC] (IRQs 5 *9 10 11)
[    0.434921] ACPI: PCI Interrupt Link [LNKD] (IRQs 5 9 10 *11)
[    0.436475] SCSI subsystem initialized
[    0.440077] pci 0000:00:02.0: vgaarb: setting as boot VGA device
[    0.443085] pci 0000:00:02.0: vgaarb: VGA device added: decodes=io+mem,owns=io+mem,locks=none
[    0.444004] pci 0000:00:02.0: vgaarb: bridge control possible
[    0.450693] vgaarb: loaded
[    0.452043] ACPI: bus type USB registered
[    0.454323] usbcore: registered new interface driver usbfs
[    0.456017] usbcore: registered new interface driver hub
[    0.460006] usbcore: registered new device driver usb
[    0.464064] EDAC MC: Ver: 3.0.0
[    0.466175] PCI: Using ACPI for IRQ routing
[    0.468490] NetLabel: Initializing
[    0.470368] NetLabel:  domain hash size = 128
[    0.472001] NetLabel:  protocols = UNLABELED CIPSOv4 CALIPSO
[    0.476017] NetLabel:  unlabeled traffic allowed by default
[    0.480366] clocksource: Switched to clocksource kvm-clock
[    0.503983] VFS: Disk quotas dquot_6.6.0
[    0.505571] VFS: Dquot-cache hash table entries: 512 (order 0, 4096 bytes)
[    0.505571] AppArmor: AppArmor Filesystem Enabled
[    0.505571] pnp: PnP ACPI init
[    0.505571] pnp: PnP ACPI: found 3 devices
[    0.556712] clocksource: acpi_pm: mask: 0xffffff max_cycles: 0xffffff, max_idle_ns: 2085701024 ns
[    0.562538] NET: Registered protocol family 2
[    0.565128] IP idents hash table entries: 16384 (order: 5, 131072 bytes)
[    0.566410] TCP established hash table entries: 8192 (order: 4, 65536 bytes)
[    0.572821] TCP bind hash table entries: 8192 (order: 5, 131072 bytes)
[    0.576162] TCP: Hash tables configured (established 8192 bind 8192)
[    0.576532] UDP hash table entries: 512 (order: 2, 16384 bytes)
[    0.576532] UDP-Lite hash table entries: 512 (order: 2, 16384 bytes)
[    0.576532] NET: Registered protocol family 1
[    0.576532] pci 0000:00:00.0: Limiting direct PCI/PCI transfers
[    0.576532] pci 0000:00:01.0: Activating ISA DMA hang workarounds
[    0.576532] pci 0000:00:02.0: Video device with shadowed ROM at [mem 0x000c0000-0x000dffff]
[    0.576532] Unpacking initramfs...
[    0.939528] Freeing initrd memory: 19528K
[    0.941991] clocksource: tsc: mask: 0xffffffffffffffff max_cycles: 0x23fa80a809f, max_idle_ns: 440795273818 ns
[    0.947684] platform rtc_cmos: registered platform RTC device (no PNP device found)
[    0.951420] Scanning for low memory corruption every 60 seconds
[    0.957019] Initialise system trusted keyrings
[    0.959203] Key type blacklist registered
[    0.961859] workingset: timestamp_bits=36 max_order=18 bucket_order=0
[    0.966235] zbud: loaded
[    0.968527] squashfs: version 4.0 (2009/01/31) Phillip Lougher
[    0.972913] fuse init (API version 7.26)
[    0.995265] Key type asymmetric registered
[    0.997995] Asymmetric key parser 'x509' registered
[    1.000401] Block layer SCSI generic (bsg) driver version 0.4 loaded (major 246)
[    1.004970] io scheduler noop registered
[    1.006858] io scheduler deadline registered
[    1.009138] io scheduler cfq registered (default)
[    1.012149] ACPI: AC Adapter [AC] (on-line)
[    1.014406] input: Power Button as /devices/LNXSYSTM:00/LNXPWRBN:00/input/input0
[    1.018586] ACPI: Power Button [PWRF]
[    1.020669] input: Sleep Button as /devices/LNXSYSTM:00/LNXSLPBN:00/input/input1
[    1.024341] ACPI: Sleep Button [SLPF]
[    1.027618] ACPI: Battery Slot [BAT0] (battery present)
[    1.029068] Serial: 8250/16550 driver, 32 ports, IRQ sharing enabled
[    1.060905] 00:02: ttyS0 at I/O 0x3f8 (irq = 4, base_baud = 115200) is a 16550A
[    1.066353] Linux agpgart interface v0.103
[    1.072050] loop: module loaded
[    1.076520] scsi host0: ata_piix
[    1.079813] scsi host1: ata_piix
[    1.081981] ata1: PATA max UDMA/33 cmd 0x1f0 ctl 0x3f6 bmdma 0xd000 irq 14
[    1.085456] ata2: PATA max UDMA/33 cmd 0x170 ctl 0x376 bmdma 0xd008 irq 15
[    1.089391] tun: Universal TUN/TAP device driver, 1.6
[    1.092939] PPP generic driver version 2.4.2
[    1.095234] ehci_hcd: USB 2.0 'Enhanced' Host Controller (EHCI) Driver
[    1.098598] ehci-pci: EHCI PCI platform driver
[    1.101284] ehci-platform: EHCI generic platform driver
[    1.104141] ohci_hcd: USB 1.1 'Open' Host Controller (OHCI) Driver
[    1.107282] ohci-pci: OHCI PCI platform driver
[    1.109729] ohci-platform: OHCI generic platform driver
[    1.112478] uhci_hcd: USB Universal Host Controller Interface driver
[    1.115666] i8042: PNP: PS/2 Controller [PNP0303:PS2K,PNP0f03:PS2M] at 0x60,0x64 irq 1,12
[    1.122466] serio: i8042 KBD port at 0x60,0x64 irq 1
[    1.125261] serio: i8042 AUX port at 0x60,0x64 irq 12
[    1.128024] mousedev: PS/2 mouse device common for all mice
[    1.131803] input: AT Translated Set 2 keyboard as /devices/platform/i8042/serio0/input/input2
[    1.139466] rtc_cmos rtc_cmos: rtc core: registered rtc_cmos as rtc0
[    1.143380] rtc_cmos rtc_cmos: alarms up to one day, 114 bytes nvram
[    1.146464] i2c /dev entries driver
[    1.148258] device-mapper: uevent: version 1.0.3
[    1.151244] device-mapper: ioctl: 4.37.0-ioctl (2017-09-20) initialised: dm-devel@redhat.com
[    1.156529] ledtrig-cpu: registered to indicate activity on CPUs
[    1.162514] NET: Registered protocol family 10
[    1.176154] Segment Routing with IPv6
[    1.178434] NET: Registered protocol family 17
[    1.181558] Key type dns_resolver registered
[    1.184687] mce: Using 0 MCE banks
[    1.186529] RAS: Correctable Errors collector initialized.
[    1.189426] sched_clock: Marking stable (1189384234, 0)->(1589077628, -399693394)
[    1.197771] registered taskstats version 1
[    1.199912] Loading compiled-in X.509 certificates
[    1.207254] Loaded X.509 cert 'Build time autogenerated kernel key: b5b26778eaa3ab3a4a6cee031137706e947d12ad'
[    1.212472] Loaded X.509 cert 'Canonical Ltd. Live Patch Signing: 14df34d1a87cf37625abec039ef2bf521249b969'
[    1.217416] Loaded X.509 cert 'Canonical Ltd. Kernel Module Signing: 88f752e560a1e0737e31163a466ad7b70a850c19'
[    1.223049] blacklist: Loading compiled-in revocation X.509 certificates
[    1.226298] Loaded X.509 cert 'Canonical Ltd. Secure Boot Signing: 61482aa2830d0ab2ad5af10b7250da9033ddcef0'
[    1.230926] Loaded X.509 cert 'Canonical Ltd. Secure Boot Signing (2017): 242ade75ac4a15e50d50c84b0d45ff3eae707a03'
[    1.235931] Loaded X.509 cert 'Canonical Ltd. Secure Boot Signing (ESM 2018): 365188c1d374d6b07c3c8f240f8ef722433d6a8b'
[    1.241944] Loaded X.509 cert 'Canonical Ltd. Secure Boot Signing (2019): c0746fd6c5da3ae827864651ad66ae47fe24b3e8'
[    1.247169] Loaded X.509 cert 'Canonical Ltd. Secure Boot Signing (2021 v1): a8d54bbb3825cfb94fa13c9f8a594a195c107b8d'
[    1.271646] Loaded X.509 cert 'Canonical Ltd. Secure Boot Signing (2021 v2): 4cf046892d6fd3c9a5b03f98d845f90851dc6a8c'
[    1.283759] Loaded X.509 cert 'Canonical Ltd. Secure Boot Signing (2021 v3): 100437bb6de6e469b581e61cd66bce3ef4ed53af'
[    1.289543] Loaded X.509 cert 'Canonical Ltd. Secure Boot Signing (Ubuntu Core 2019): c1d57b8f6b743f23ee41f4f7ee292f06eecadfb9'
[    1.295311] zswap: loaded using pool lzo/zbud
[    1.314165] Key type big_key registered
[    1.316564] Key type trusted registered
[    1.323381] Key type encrypted registered
[    1.325806] AppArmor: AppArmor sha1 policy hashing enabled
[    1.328756] ima: No TPM chip found, activating TPM-bypass! (rc=-19)
[    1.331908] ima: Allocated hash algorithm: sha1
[    1.334521] evm: HMAC attrs: 0x1
[    1.336923]   Magic number: 0:274:695
[    1.338937] pci 0000:00:00.0: hash matches
[    1.341679] rtc_cmos rtc_cmos: setting system clock to 2024-07-31 17:39:33 UTC (1722447573)
[    1.346528] BIOS EDD facility v0.16 2004-Jun-25, 0 devices found
[    1.349740] EDD information not available.
[    1.355221] Freeing unused kernel image memory: 2480K
[    1.382662] Write protecting the kernel read-only data: 20480k
[    1.387862] Freeing unused kernel image memory: 2008K
[    1.391533] Freeing unused kernel image memory: 1820K
[    1.397766] x86/mm: Checked W+X mappings: passed, no W+X pages found.
Loading, please wait...
starting version 237
[    1.485051] e1000: Intel(R) PRO/1000 Network Driver - version 7.3.21-k8-NAPI
[    1.491438] e1000: Copyright (c) 1999-2006 Intel Corporation.
[    1.497393] Fusion MPT base driver 3.04.20
[    1.499757] Copyright (c) 1999-2008 LSI Corporation
[    1.511271] Fusion MPT SPI Host driver 3.04.20
[    1.542188] SSE version of gcm_enc/dec engaged.
[    1.747898] input: ImExPS/2 Generic Explorer Mouse as /devices/platform/i8042/serio1/input/input4
[    2.046028] e1000 0000:00:03.0 eth0: (PCI:33MHz:32-bit) 02:3b:7b:b7:3b:2d
[    2.049921] e1000 0000:00:03.0 eth0: Intel(R) PRO/1000 Network Connection
[    2.055344] mptbase: ioc0: Initiating bringup
[    2.165281] ioc0: LSI53C1030 A0: Capabilities={Initiator}
[    2.415885] scsi host2: ioc0: LSI53C1030 A0, FwRev=00000000h, Ports=1, MaxQ=256, IRQ=20
[    2.590373] scsi 2:0:0:0: Direct-Access     VBOX     HARDDISK         1.0  PQ: 0 ANSI: 5
[    2.647825] scsi target2:0:0: Beginning Domain Validation
[    2.658048] scsi target2:0:0: Domain Validation skipping write tests
[    2.668671] scsi target2:0:0: Ending Domain Validation
[    2.676539] scsi target2:0:0: asynchronous
[    2.685961] scsi 2:0:1:0: Direct-Access     VBOX     HARDDISK         1.0  PQ: 0 ANSI: 5
[    2.936302] scsi target2:0:1: Beginning Domain Validation
[    2.952569] scsi target2:0:1: Domain Validation skipping write tests
[    2.961572] scsi target2:0:1: Ending Domain Validation
[    2.970198] scsi target2:0:1: asynchronous
[    2.989194] sd 2:0:0:0: Attached scsi generic sg0 type 0
[    2.999105] sd 2:0:1:0: Attached scsi generic sg1 type 0
[    3.008761] sd 2:0:1:0: [sdb] 20480 512-byte logical blocks: (10.5 MB/10.0 MiB)
[    3.021492] sd 2:0:0:0: [sda] 83886080 512-byte logical blocks: (42.9 GB/40.0 GiB)
[    3.021668] sd 2:0:1:0: [sdb] Write Protect is off
[    3.035815] sd 2:0:1:0: [sdb] Incomplete mode parameter data
[    3.038803] sd 2:0:1:0: [sdb] Assuming drive cache: write through
[    3.048734] sd 2:0:0:0: [sda] Write Protect is off
[    3.053443] sd 2:0:0:0: [sda] Incomplete mode parameter data
[    3.061184] sd 2:0:0:0: [sda] Assuming drive cache: write through
[    3.066776] sd 2:0:1:0: [sdb] Attached SCSI disk
[    3.069913]  sda: sda1
[    3.077453] sd 2:0:0:0: [sda] Attached SCSI disk
[    3.145195] e1000 0000:00:08.0 eth1: (PCI:33MHz:32-bit) 08:00:27:d1:bc:80
[    3.149420] e1000 0000:00:08.0 eth1: Intel(R) PRO/1000 Network Connection
[    3.154796] e1000 0000:00:03.0 enp0s3: renamed from eth0
[    3.189269] e1000 0000:00:08.0 enp0s8: renamed from eth1
Begin: Loading essential drivers ... [    6.994473] raid6: sse2x1   gen() 389075 MB/s
[    8.996861] raid6: sse2x1   xor() 259613 MB/s
[   10.045852] raid6: sse2x2   gen() 23248 MB/s
[   10.098618] raid6: sse2x2   xor() 11533 MB/s
[   10.154125] raid6: sse2x4   gen() 19854 MB/s
[   10.206090] raid6: sse2x4   xor() 10103 MB/s
[   10.209055] raid6: using algorithm sse2x1 gen() 389075 MB/s
[   10.212206] raid6: .... xor() 259613 MB/s, rmw enabled
[   10.215069] raid6: using ssse3x2 recovery algorithm
[   10.220596] xor: measuring software checksum speed
[   10.260623]    prefetch64-sse: 28251.000 MB/sec
[   10.300597]    generic_sse: 28176.000 MB/sec
[   10.303247] xor: using function: prefetch64-sse (28251.000 MB/sec)
[   10.308541] async_tx: api initialized (async)
done.
Begin: Running /scripts/init-premount ... done.
Begin: Mounting root file system ... Begin: Running /scripts/local-top ... done.
Begin: Running /scripts/local-premount ... [   10.367098] Btrfs loaded, crc32c=crc32c-intel
Scanning for Btrfs filesystems
done.
Warning: fsck not present, so skipping root file system
[   10.421312] EXT4-fs (sda1): mounted filesystem with ordered data mode. Opts: (null)
done.
Begin: Running /scripts/local-bottom ... done.
Begin: Running /scripts/init-bottom ... done.
[   10.653424] ip_tables: (C) 2000-2006 Netfilter Core Team
[   10.668831] systemd[1]: systemd 237 running in system mode. (+PAM +AUDIT +SELINUX +IMA +APPARMOR +SMACK +SYSVINIT +UTMP +LIBCRYPTSETUP +GCRYPT +GNUTLS +ACL +XZ +LZ4 +SECCOMP +BLKID +ELFUTILS +KMOD -IDN2 +IDN -PCRE2 default-hierarchy=hybrid)
[   10.679283] systemd[1]: Detected virtualization oracle.
[   10.681901] systemd[1]: Detected architecture x86-64.

Welcome to [1mUbuntu 18.04.6 LTS[0m!

[   10.723812] systemd[1]: Set hostname to <ubuntu>.
[   10.731235] systemd[1]: Initializing machine ID from random generator.
[   10.734944] systemd[1]: Installed transient /etc/machine-id file.
[   11.141133] systemd[1]: Created slice User and Session Slice.
[[0;32m  OK  [0m] Created slice User and Session Slice.
[   11.145984] systemd[1]: Created slice System Slice.
[[0;32m  OK  [0m] Created slice System Slice.
[   11.150020] systemd[1]: Reached target Slices.
[[0;32m  OK  [0m] Reached target Slices.
[   11.153975] systemd[1]: Listening on Journal Socket.
[[0;32m  OK  [0m] Listening on Journal Socket.
[[0;32m  OK  [0m] Listening on fsck to fsckd communication Socket.
[[0;32m  OK  [0m] Listening on udev Control Socket.
[[0;32m  OK  [0m] Listening on LVM2 poll daemon socket.
         Starting Uncomplicated firewall...
[[0;32m  OK  [0m] Listening on Syslog Socket.
         Mounting Huge Pages File System...
[[0;32m  OK  [0m] Listening on /dev/initctl Compatibility Named Pipe.
[[0;32m  OK  [0m] Listening on Journal Socket (/dev/log).
[[0;32m  OK  [0m] Reached target Swap.
[[0;32m  OK  [0m] Listening on Network Service Netlink Socket.
[[0;32m  OK  [0m] Listening on LVM2 metadata daemon socket.
[[0;32m  OK  [0m] Reached target Mounting snaps.
[[0;32m  OK  [0m] Reached target System Time Synchronized.
         Starting Load Kernel Modules...
[[0;32m  OK  [0m] Listening on Journal Audit Socket.
         Starting Journal Service...
[[0;32m  OK  [0m] Reached target User and Group Name Lookups.[   11.217207] Loading iSCSI transport class v2.0-870.

         Starting Set the console keyboard layout...
[   11.237436] iscsi: registered transport (tcp)
         Mounting Kernel Debug File System...
[[0;32m  OK  [0m] Reached target Mounted snaps.
         Mounting POSIX Message Queue File System...
[[0;32m  OK  [0m] Created slice system-serial\x2dgetty.slice.
[[0;32m  OK  [0m] Started Forward Password Requests to Wall Directory Watch.
[[0;32m  OK  [0m] Set up automount Arbitrary Executab…rmats File System Automount Point.
[[0;32m  OK  [0m] Listening on udev Kernel Socket.
         Starting udev Coldplug all Devices...
         Starting File System Check on Root Device...
         Starting Create list of required st…ce nodes for the current kernel...
[[0;32m  OK  [0m] Listening on Device-mapper event daemon FIFOs.
         Starting Monitoring of LVM2 mirrors…ng dmeventd or progress polling...
[[0;32m  OK  [0m] Started Uncomplicated firewall.
[[0;32m  OK  [0m] Mounted Huge Pages File System.
[[0;32m  OK  [0m] Mounted Kernel Debug File System.
[[0;32m  OK  [0m] Mounted POSIX Message Queue File System.
[[0;32m  OK  [0m] Started Journal Service.
[[0;32m  OK  [0m] Started File System Check Daemon to report status.
[[0;32m  OK  [0m] Started Create list of required sta…vice nodes for the current kernel.
         Starting Create Static Device Nodes in /dev...
[[0;32m  OK  [0m] Started udev Coldplug all Devices.
[[0;32m  OK  [0m] Started LVM2 metadata daemon.
[[0;32m  OK  [0m] Started Create Static Device Nodes in /dev.
[   11.459626] iscsi: registered transport (iser)
[[0;32m  OK  [0m] Started Load Kernel Modules.
         Mounting FUSE Control File System...
         Starting Apply Kernel Variables...
         Mounting Kernel Configuration File System...
[[0;32m  OK  [0m] Mounted FUSE Control File System.
[[0;32m  OK  [0m] Mounted Kernel Configuration File System.
[[0;32m  OK  [0m] Started File System Check on Root Device.
         Starting Remount Root and Kernel File Systems...
[[0;32m  OK  [0m] Started Monitoring of LVM2 mirrors,…sing dmeventd or progress polling.
[[0;32m  OK  [0m] Started Apply Kernel Variables.
[[0;32m  OK  [0m] Started Remount Root and Kernel File Systems.
         Starting Load/Save Random Seed...
         Starting udev Kernel Device Manager...
         Starting Flush Journal to Persistent Storage...
[[0;32m  OK  [0m] Started udev Kernel Device Manager.
[[0;32m  OK  [0m] Started Load/Save Random Seed.
[[0;32m  OK  [0m] Started Flush Journal to Persistent Storage.
[[0;32m  OK  [0m] Found device /dev/ttyS0.
[[0;32m  OK  [0m] Listening on Load/Save RF Kill Switch Status /dev/rfkill Watch.
[[0;32m  OK  [0m] Started Set the console keyboard layout.
         Mounting Arbitrary Executable File Formats File System...
[[0;32m  OK  [0m] Started Dispatch Password Requests to Console Directory Watch.
[[0;32m  OK  [0m] Reached target Local Encrypted Volumes.
[[0;32m  OK  [0m] Reached target Local File Systems (Pre).
[[0;32m  OK  [0m] Reached target Local File Systems.
         Starting Commit a transient machine-id on disk...
         Starting AppArmor initialization...
         Starting Set console font and keymap...
         Starting Create Volatile Files and Directories...
         Starting Tell Plymouth To Write Out Runtime Data...
         Starting ebtables ruleset management...
[[0;32m  OK  [0m] Mounted Arbitrary Executable File Formats File System.
[[0;32m  OK  [0m] Started Tell Plymouth To Write Out Runtime Data.
[[0;32m  OK  [0m] Started Commit a transient machine-id on disk.
[[0;32m  OK  [0m] Started Create Volatile Files and Directories.
         Starting Update UTMP about System Boot/Shutdown...
[[0;32m  OK  [0m] Started Update UTMP about System Boot/Shutdown.
[[0;32m  OK  [0m] Started ebtables ruleset management.
[[0;32m  OK  [0m] Started AppArmor initialization.
         Starting Load AppArmor profiles managed internally by snapd...
         Starting Initial cloud-init job (pre-networking)...
[[0;32m  OK  [0m] Started Load AppArmor profiles managed internally by snapd.
[[0;32m  OK  [0m] Started Set console font and keymap.
[   15.312626] cloud-init[778]: Cloud-init v. 23.1.2-0ubuntu0~18.04.1 running 'init-local' at Wed, 31 Jul 2024 17:39:47 +0000. Up 15.00 seconds.
[[0;32m  OK  [0m] Started Initial cloud-init job (pre-networking).
[[0;32m  OK  [0m] Reached target Network (Pre).
         Starting Network Service...
[[0;32m  OK  [0m] Started Network Service.
         Starting Network Name Resolution...
         Starting Wait for Network to be Configured...
[[0;32m  OK  [0m] Started Network Name Resolution.
[[0;32m  OK  [0m] Reached target Network.
[[0;32m  OK  [0m] Reached target Host and Network Name Lookups.
[[0;32m  OK  [0m] Started Wait for Network to be Configured.
         Starting Initial cloud-init job (metadata service crawler)...
[   17.300120] cloud-init[932]: Cloud-init v. 23.1.2-0ubuntu0~18.04.1 running 'init' at Wed, 31 Jul 2024 17:39:49 +0000. Up 17.19 seconds.
[   17.309228] cloud-init[932]: ci-info: ++++++++++++++++++++++++++++++++++++++Net device info+++++++++++++++++++++++++++++++++++++++
[   17.315187] cloud-init[932]: ci-info: +--------+-------+----------------------------+---------------+--------+-------------------+
[   17.326338] cloud-init[932]: ci-info: | Device |   Up  |          Address           |      Mask     | Scope  |     Hw-Address    |
[   17.332119] cloud-init[932]: ci-info: +--------+-------+----------------------------+---------------+--------+-------------------+
[   17.339503] cloud-init[932]: ci-info: | enp0s3 |  True |         10.0.2.15          | 255.255.255.0 | global | 02:3b:7b:b7:3b:2d |
[   17.346928] cloud-init[932]: ci-info: | enp0s3 |  True | fe80::3b:7bff:feb7:3b2d/64 |       .       |  link  | 02:3b:7b:b7:3b:2d |
[   17.352624] cloud-init[932]: ci-info: | enp0s8 | False |             .              |       .       |   .    | 08:00:27:d1:bc:80 |
[   17.361092] cloud-init[932]: ci-info: |   lo   |  True |         127.0.0.1          |   255.0.0.0   |  host  |         .         |
[   17.367206] cloud-init[932]: ci-info: |   lo   |  True |          ::1/128           |       .       |  host  |         .         |
[   17.376937] cloud-init[932]: ci-info: +--------+-------+----------------------------+---------------+--------+-------------------+
[   17.385639] cloud-init[932]: ci-info: ++++++++++++++++++++++++++++Route IPv4 info+++++++++++++++++++++++++++++
[   17.392558] cloud-init[932]: ci-info: +-------+-------------+----------+-----------------+-----------+-------+
[   17.397443] cloud-init[932]: ci-info: | Route | Destination | Gateway  |     Genmask     | Interface | Flags |
[   17.405514] cloud-init[932]: ci-info: +-------+-------------+----------+-----------------+-----------+-------+
[   17.415346] cloud-init[932]: ci-info: |   0   |   0.0.0.0   | 10.0.2.2 |     0.0.0.0     |   enp0s3  |   UG  |
[   17.424801] cloud-init[932]: ci-info: |   1   |   10.0.2.0  | 0.0.0.0  |  255.255.255.0  |   enp0s3  |   U   |
[   17.438985] cloud-init[932]: ci-info: |   2   |   10.0.2.2  | 0.0.0.0  | 255.255.255.255 |   enp0s3  |   UH  |
[   17.460466] cloud-init[932]: ci-info: +-------+-------------+----------+-----------------+-----------+-------+
[   17.471890] cloud-init[932]: ci-info: +++++++++++++++++++Route IPv6 info+++++++++++++++++++
[   17.494658] cloud-init[932]: ci-info: +-------+-------------+---------+-----------+-------+
[   17.499873] cloud-init[932]: ci-info: | Route | Destination | Gateway | Interface | Flags |
[   17.510975] cloud-init[932]: ci-info: +-------+-------------+---------+-----------+-------+
[   17.520730] cloud-init[932]: ci-info: |   1   |  fe80::/64  |    ::   |   enp0s3  |   U   |
[   17.529464] cloud-init[932]: ci-info: |   3   |    local    |    ::   |   enp0s3  |   U   |
[   17.539912] cloud-init[932]: ci-info: |   4   |   ff00::/8  |    ::   |   enp0s3  |   U   |
[   17.551653] cloud-init[932]: ci-info: +-------+-------------+---------+-----------+-------+
[   18.452111] cloud-init[932]: Generating public/private rsa key pair.
[   18.454105] cloud-init[932]: Your identification has been saved in /etc/ssh/ssh_host_rsa_key.
[   18.456744] cloud-init[932]: Your public key has been saved in /etc/ssh/ssh_host_rsa_key.pub.
[   18.458934] cloud-init[932]: The key fingerprint is:
[   18.460505] cloud-init[932]: SHA256:EeXy14Z/TlxNyJTKg6y/vdz+4EGHHk04afmm3+Qfo5w root@ubuntu-bionic
[   18.463387] cloud-init[932]: The key's randomart image is:
[   18.465384] cloud-init[932]: +---[RSA 2048]----+
[   18.466766] cloud-init[932]: |        ...   .. |
[   18.467939] cloud-init[932]: |         o   o.= |
[   18.469318] cloud-init[932]: |        o..o .O o|
[   18.470733] cloud-init[932]: |         +o ++ B.|
[   18.472001] cloud-init[932]: |        S.. o.* B|
[   18.473331] cloud-init[932]: |        .  . = *.|
[   18.474625] cloud-init[932]: |         .    *o=|
[   18.475823] cloud-init[932]: |          .o.ooX+|
[   18.477224] cloud-init[932]: |          ..+E+.O|
[   18.478816] cloud-init[932]: +----[SHA256]-----+
[   18.479929] cloud-init[932]: Generating public/private dsa key pair.
[   18.483583] cloud-init[932]: Your identification has been saved in /etc/ssh/ssh_host_dsa_key.
[   18.486020] cloud-init[932]: Your public key has been saved in /etc/ssh/ssh_host_dsa_key.pub.
[   18.488109] cloud-init[932]: The key fingerprint is:
[   18.489305] cloud-init[932]: SHA256:oaTEwyZ86ndd0tmxkRhECsNk6RUftyYuwpZuUtvtc2s root@ubuntu-bionic
[   18.492328] cloud-init[932]: The key's randomart image is:
[   18.493933] cloud-init[932]: +---[DSA 1024]----+
[   18.495371] cloud-init[932]: |     o=..+= .    |
[   18.497158] cloud-init[932]: | . o .oo.o = o   |
[   18.499481] cloud-init[932]: |  o B...o + *    |
[   18.501004] cloud-init[932]: |   * =.o + = +   |
[   18.502432] cloud-init[932]: |  . . B S = o    |
[   18.505434] cloud-init[932]: | .   + = =       |
[   18.507251] cloud-init[932]: |  . o = o .      |
[   18.508746] cloud-init[932]: |   . +   .. E    |
[   18.510034] cloud-init[932]: |          .+..   |
[   18.511634] cloud-init[932]: +----[SHA256]-----+
[   18.514749] cloud-init[932]: Generating public/private ecdsa key pair.
[   18.518173] cloud-init[932]: Your identification has been saved in /etc/ssh/ssh_host_ecdsa_key.
[   18.520550] cloud-init[932]: Your public key has been saved in /etc/ssh/ssh_host_ecdsa_key.pub.
[   18.523109] cloud-init[932]: The key fingerprint is:
[   18.525554] cloud-init[932]: SHA256:dFNncM5hCqvEeZ30eaUvPFkfXXsWRmxzVo/T/Iqbtak root@ubuntu-bionic
[   18.528491] cloud-init[932]: The key's randomart image is:
[   18.529767] cloud-init[932]: +---[ECDSA 256]---+
[   18.531113] cloud-init[932]: |          . +.O+=|
[   18.532674] cloud-init[932]: |       . . * @.@X|
[   18.534392] cloud-init[932]: |        = = + X+%|
[   18.535596] cloud-init[932]: |       o + . . B=|
[   18.537059] cloud-init[932]: |        S     = +|
[   18.538200] cloud-init[932]: |             . + |
[   18.539434] cloud-init[932]: |            . o  |
[   18.540977] cloud-init[932]: |             + o |
[   18.542164] cloud-init[932]: |            E.o  |
[   18.544554] cloud-init[932]: +----[SHA256]-----+
[   18.545749] cloud-init[932]: Generating public/private ed25519 key pair.
[   18.547373] cloud-init[932]: Your identification has been saved in /etc/ssh/ssh_host_ed25519_key.
[   18.549781] cloud-init[932]: Your public key has been saved in /etc/ssh/ssh_host_ed25519_key.pub.
[   18.551892] cloud-init[932]: The key fingerprint is:
[   18.553194] cloud-init[932]: SHA256:JBTTd3mwwntEGgVRMmk8sNSdFCOaLBRsLJxX5uKdkRA root@ubuntu-bionic
[   18.555496] cloud-init[932]: The key's randomart image is:
[   18.558426] cloud-init[932]: +--[ED25519 256]--+
[   18.559551] cloud-init[932]: |   . +E*=+BOO=   |
[   18.560875] cloud-init[932]: |    +o=B.*BB=o.  |
[   18.562049] cloud-init[932]: |     ++ Xo+oo.   |
[   18.565350] cloud-init[932]: |     . * o +     |
[   18.567084] cloud-init[932]: |      . S . .    |
[   18.568596] cloud-init[932]: |           .     |
[   18.569805] cloud-init[932]: |                 |
[   18.571291] cloud-init[932]: |                 |
[   18.574485] cloud-init[932]: |                 |
[   18.577350] cloud-init[932]: +----[SHA256]-----+
[[0;32m  OK  [0m] Started Initial cloud-init job (metadata service crawler).
[[0;32m  OK  [0m] Reached target Network is Online.
[[0;32m  OK  [0m] Reached target Remote File Systems (Pre).
[[0;32m  OK  [0m] Reached target Remote File Systems.
         Starting Availability of block devices...
[[0;32m  OK  [0m] Reached target Cloud-config availability.
[[0;32m  OK  [0m] Reached target System Initialization.
[[0;32m  OK  [0m] Started Discard unused blocks once a week.
[[0;32m  OK  [0m] Listening on cloud-init hotplug hook socket.
[[0;32m  OK  [0m] Listening on UUID daemon activation socket.
[[0;32m  OK  [0m] Started Message of the Day.
[[0;32m  OK  [0m] Listening on ACPID Listen Socket.
[[0;32m  OK  [0m] Started Daily apt download activities.
[[0;32m  OK  [0m] Started Daily apt upgrade and clean activities.
[[0;32m  OK  [0m] Listening on Open-iSCSI iscsid Socket.
[[0;32m  OK  [0m] Started Daily Cleanup of Temporary Directories.
[[0;32m  OK  [0m] Started ACPI Events Check.
[[0;32m  OK  [0m] Reached target Paths.
         Starting Socket activation for snappy daemon.
[[0;32m  OK  [0m] Listening on D-Bus System Message Bus Socket.
         Starting LXD - unix socket.
[[0;32m  OK  [0m] Started Ubuntu Advantage Timer for running repeated jobs.
[[0;32m  OK  [0m] Reached target Timers.
[[0;32m  OK  [0m] Started Availability of block devices.
[[0;32m  OK  [0m] Listening on Socket activation for snappy daemon.
[[0;32m  OK  [0m] Listening on LXD - unix socket.
[[0;32m  OK  [0m] Reached target Sockets.
[[0;32m  OK  [0m] Reached target Basic System.
         Starting LXD - container startup/shutdown...
         Starting Pollinate to seed the pseudo random number generator...
         Starting Dispatcher daemon for systemd-networkd...
         Starting Accounts Service...
[[0;32m  OK  [0m] Reached target Login Prompts (Pre).
         Starting Virtualbox guest utils...
         Starting LSB: Record successful boot for GRUB...
         Starting Login Service...
[[0;32m  OK  [0m] Started irqbalance daemon.
[[0;32m  OK  [0m] Started Regular background program processing daemon.
[[0;32m  OK  [0m] Started FUSE filesystem for LXC.
         Starting System Logging Service...
[[0;32m  OK  [0m] Started Deferred execution scheduler.
         Starting LSB: automatic crash report generation...
[[0;32m  OK  [0m] Started D-Bus System Message Bus.
         Starting Permit User Sessions...
         Starting Snap Daemon...
[[0;32m  OK  [0m] Started System Logging Service.
[[0;32m  OK  [0m] Started LXD - container startup/shutdown.
[[0;32m  OK  [0m] Started Permit User Sessions.
[[0;32m  OK  [0m] Started Login Service.
         Starting Authorization Manager...
[[0;32m  OK  [0m] Started Unattended Upgrades Shutdown.
         Starting Hold until boot process finishes up...
         Starting Terminate Plymouth Boot Screen...
[[0;32m  OK  [0m] Started Hold until boot process finishes up.
         Starting Set console scheme...
[[0;32m  OK  [0m] Started Serial Getty on ttyS0.
[[0;32m  OK  [0m] Started Terminate Plymouth Boot Screen.
[[0;32m  OK  [0m] Started Set console scheme.
[[0;32m  OK  [0m] Created slice system-getty.slice.
[[0;32m  OK  [0m] Started Getty on tty1.
[[0;32m  OK  [0m] Reached target Login Prompts.
[[0;32m  OK  [0m] Started LSB: automatic crash report generation.
[[0;32m  OK  [0m] Started LSB: Record successful boot for GRUB.
[[0;32m  OK  [0m] Started Authorization Manager.
[[0;32m  OK  [0m] Started Accounts Service.
[[0;32m  OK  [0m] Started Virtualbox guest utils.
[[0;32m  OK  [0m] Started Dispatcher daemon for systemd-networkd.
[[0;32m  OK  [0m] Started Snap Daemon.
         Starting Wait until snapd is fully seeded...
[[0;32m  OK  [0m] Started Pollinate to seed the pseudo random number generator.
         Starting OpenBSD Secure Shell server...
[[0;32m  OK  [0m] Started OpenBSD Secure Shell server.
         Starting Time & Date Service...
[[0;32m  OK  [0m] Started Time & Date Service.
[[0;32m  OK  [0m] Created slice User Slice of vagrant.
         Starting User Manager for UID 1000...
[[0;32m  OK  [0m] Started Session 1 of user vagrant.
[[0;32m  OK  [0m] Started User Manager for UID 1000.
[[0;32m  OK  [0m] Started Wait until snapd is fully seeded.
         Starting Apply the settings specified in cloud-config...
[   25.030276] cloud-init[1719]: Cloud-init v. 23.1.2-0ubuntu0~18.04.1 running 'modules:config' at Wed, 31 Jul 2024 17:39:56 +0000. Up 24.57 seconds.

Ubuntu 18.04.6 LTS ubuntu-bionic ttyS0

ubuntu-bionic login: ci-info: no authorized SSH keys fingerprints found for user ubuntu.
<14>Jul 31 17:39:57 cloud-init: #############################################################
<14>Jul 31 17:39:57 cloud-init: -----BEGIN SSH HOST KEY FINGERPRINTS-----
<14>Jul 31 17:39:57 cloud-init: 1024 SHA256:oaTEwyZ86ndd0tmxkRhECsNk6RUftyYuwpZuUtvtc2s root@ubuntu-bionic (DSA)
<14>Jul 31 17:39:57 cloud-init: 256 SHA256:dFNncM5hCqvEeZ30eaUvPFkfXXsWRmxzVo/T/Iqbtak root@ubuntu-bionic (ECDSA)
<14>Jul 31 17:39:57 cloud-init: 256 SHA256:JBTTd3mwwntEGgVRMmk8sNSdFCOaLBRsLJxX5uKdkRA root@ubuntu-bionic (ED25519)
<14>Jul 31 17:39:57 cloud-init: 2048 SHA256:EeXy14Z/TlxNyJTKg6y/vdz+4EGHHk04afmm3+Qfo5w root@ubuntu-bionic (RSA)
<14>Jul 31 17:39:57 cloud-init: -----END SSH HOST KEY FINGERPRINTS-----
<14>Jul 31 17:39:57 cloud-init: #############################################################
-----BEGIN SSH HOST KEY KEYS-----
ecdsa-sha2-nistp256 AAAAE2VjZHNhLXNoYTItbmlzdHAyNTYAAAAIbmlzdHAyNTYAAABBBLjUZu9xjbHV1NwaJeTWxZJR0iZi6hZfN0a2RQMj2WsIuFtcI0olOnlxHAnf2J4pHiVEzB5BpUE6Q5NSyQt9Fds= root@ubuntu-bionic
ssh-ed25519 AAAAC3NzaC1lZDI1NTE5AAAAIP8EJwvm6+tBnuwNM6RDTxCo9ATVi106+eScBFn8PfTB root@ubuntu-bionic
ssh-rsa AAAAB3NzaC1yc2EAAAADAQABAAABAQDGkAWe+JjfBIXrpKuyZiFn2hv0qJrCUjWnOvERlidKJj1ZVzLOuXfUC+NJgK6iYbZJ3XuhSX90jZhhyHNRWwdUNKDWIqCxswxilEcD/cK+UtN/YPJveCN6wsCLautv+kqTz5tvlMz1Rw5eMKMbYKArb36038afvNoZ0Vc4o+GuApxualIaHrcJ/ppaMKWZQUBN3RhQOJet0R0Wk+6olQNVWO5/Yt6aGIJRXNHLZrhaG9UExaFh+29j/RzaeWTxKaAgJBAHU5ethXrJEnUNp4Cs3TAZt18ChRuTQZa53XNma+pL7s6rFEmfJ2sLbsz0aZzvG2OdtJ6QT5Pqll7PWcm7 root@ubuntu-bionic
-----END SSH HOST KEY KEYS-----
[   25.664646] cloud-init[1863]: Cloud-init v. 23.1.2-0ubuntu0~18.04.1 running 'modules:final' at Wed, 31 Jul 2024 17:39:57 +0000. Up 25.44 seconds.
[   25.664800] cloud-init[1863]: Cloud-init v. 23.1.2-0ubuntu0~18.04.1 finished at Wed, 31 Jul 2024 17:39:57 +0000. Datasource DataSourceNoCloud [seed=/dev/sdb][dsmode=net].  Up 25.61 seconds
